#
# There is insufficient memory for the Java Runtime Environment to continue.
# Native memory allocation (malloc) failed to allocate 493936 bytes for Chunk::new
# Possible reasons:
#   The system is out of physical RAM or swap space
#   The process is running with CompressedOops enabled, and the Java Heap may be blocking the growth of the native heap
# Possible solutions:
#   Reduce memory load on the system
#   Increase physical memory or swap space
#   Check if swap backing store is full
#   Decrease Java heap size (-Xmx/-Xms)
#   Decrease number of Java threads
#   Decrease Java thread stack sizes (-Xss)
#   Set larger code cache with -XX:ReservedCodeCacheSize=
#   JVM is running with Unscaled Compressed Oops mode in which the Java heap is
#     placed in the first 4GB address space. The Java Heap base address is the
#     maximum limit for the native heap growth. Please use -XX:HeapBaseMinAddress
#     to set the Java Heap base and to place the Java Heap above 4GB virtual address.
# This output file may be truncated or incomplete.
#
#  Out of Memory Error (./open/src/hotspot/share/memory/arena.cpp:197), pid=6612, tid=3420
#
# JRE version: Java(TM) SE Runtime Environment 18.9 (11.0.12+8) (build 11.0.12+8-LTS-237)
# Java VM: Java HotSpot(TM) 64-Bit Server VM 18.9 (11.0.12+8-LTS-237, mixed mode, tiered, compressed oops, g1 gc, windows-amd64)
# No core dump will be written. Minidumps are not enabled by default on client versions of Windows
#

---------------  S U M M A R Y ------------

Command Line: -Daction.aware.typeAhead=false -Dawt.toolkit=sun.awt.windows.WToolkit -Dcom.jetbrains.suppressWindowRaise=false -Dfile.separator=\ -Dide.native.launcher=true -Didea.active=true -Didea.cycle.buffer.size=1024 -Didea.dynamic.classpath=false -Didea.fatal.error.notification=disabled -Didea.jre.check=true -Didea.max.content.load.filesize=20000 -Didea.max.intellisense.filesize=2500 -Didea.no.launcher=false -Didea.paths.selector=IdeaIC2021.2 -Didea.platform.prefix=Idea -Didea.popup.weight=heavy -Didea.vendor.name=JetBrains -Didea.version=2021.2.2 -Didea.xdebug.key=-Xdebug -Dio.netty.allocator.cacheTrimIntervalMillis=600000 -Dio.netty.allocator.numDirectArenas=1 -Dio.netty.allocator.numHeapArenas=1 -Dio.netty.allocator.useCacheForAllThreads=false -Dio.netty.machineId=28:f0:76:ff:fe:16:65:0e -Dio.netty.processId=36609 -Dio.netty.serviceThreadPrefix=Netty  -Djava.awt.graphicsenv=sun.awt.Win32GraphicsEnvironment -Djava.awt.printerjob=sun.awt.windows.WPrinterJob -Djava.class.version=55.0 -Djava.home=C:\Program Files\Java\jdk-11.0.12 -Djava.library.path=C:\Program Files\Java\jdk-11.0.12\bin;C:\Windows\Sun\Java\bin;C:\Windows\system32;C:\Windows;C:\Program Files\Common Files\Oracle\Java\javapath;C:\Windows\system32;C:\Windows;C:\Windows\System32\Wbem;C:\Windows\System32\WindowsPowerShell\v1.0\;C:\Windows\System32\OpenSSH\;C:\Program Files\7-Zip;C:\Program Files\Git\cmd;C:\Users\User\apache-maven-3.8.6\bin;C:\Gradle\bin;;C:\Program Files\Docker\Docker\resources\bin;C:\Users\User\AppData\Local\Microsoft\WindowsApps;;C:\Program Files\JetBrains\IntelliJ IDEA Community Edition 2021.2.2\bin;;. -Djava.rmi.server.disableHttp=true -Djava.rmi.server.hostname=127.0.0.1 -Djava.runtime.name=OpenJDK Runtime Environment -Djava.runtime.version=11.0.12+8-LTS-237 -Djava.specification.name=Java Platform API Specification -Djava.specification.vendor=Oracle Corporation -Djava.specification.version=11 -Djava.util.concurrent.ForkJoinPool.common.threadFactory=com.intellij.concurrency.IdeaForkJoinWorkerThreadFactory -Djava.vendor=Oracle Corporation -Djava.vendor.url=https://openjdk.java.net/ -Djava.vendor.url.bug=https://bugreport.java.com/bugreport/ -Djava.vendor.version=JBR-11.0.12.7-1504.28-jcef -Djava.version=11.0.12 -Djava.version.date=2021-07-20 -Djava.vm.compressedOopsMode=32-bit -Djava.vm.info=mixed mode -Djava.vm.name=Java HotSpot(TM) 64-Bit Server VM -Djava.vm.specification.name=Java Virtual Machine Specification -Djava.vm.specification.vendor=Oracle Corporation -Djava.vm.specification.version=11 -Djava.vm.vendor=Oracle Corporation -Djava.vm.version=11.0.12+8-LTS-237 -Djavax.swing.rebaseCssSizeMap=true -Djb.vmOptionsFile=C:\Users\User\AppData\Roaming\JetBrains\IdeaIC2021.2\idea64.exe.vmoptions -Djdk.attach.allowAttachSelf=true -Djdk.debug=release -Djdk.http.auth.tunneling.disabledSchemes= -Djdk.module.illegalAccess.silent=true -Djna.loaded=true -Djna.nosys=true -Djna.tmpdir=C:\Users\User\AppData\Local\JetBrains\IdeaIC2021.2/tmp -Djnidispatch.path=C:\Users\User\AppData\Local\JetBrains\IdeaIC2021.2\tmp\jna5378855145106923908.dll -Dkotlin.daemon.jvm.options=--illegal-access=permit -Dkotlinx.coroutines.debug=off -Dlibrary.jansi.path=C:\Users\User\.gradle\native\jansi\1.18\windows64 -Dline.separator=
 -Dlog4j.defaultInitOverride=true -Dorg.gradle.internal.worker.tmpdir=C:\Users\User\rest-api-practice\build\tmp\test\work -Dorg.gradle.native=false -Dos.arch=amd64 -Dos.name=Windows 10 -Dos.version=10.0 -Dpath.separator=; -Dpty4j.preferred.native.folder=C:\Program Files\JetBrains\IntelliJ IDEA Community Edition 2021.2.2\lib\pty4j-native -Dpty4j.tmpdir=C:\Users\User\AppData\Local\JetBrains\IdeaIC2021.2/tmp -Dsplash=true -Dsun.arch.data.model=64 -Dsun.boot.library.path=C:\Program Files\Java\jdk-11.0.12\bin -Dsun.cpu.endian=little -Dsun.cpu.isalist=amd64 -Dsun.desktop=windows -Dsun.io.unicode.encoding=UnicodeLittle -Dsun.jnu.encoding=Cp1251 -Dsun.management.compiler=HotSpot 64-Bit Tiered Compilers -Dsun.os.patch.level -Dswing.bufferPerWindow=false -Duser.dir=C:\Users\User\rest-api-practice -Duser.home=C:\Users\User -Duser.name=User -Duser.script -Duser.timezone=GMT+03:00 -Dwinp.folder.preferred=C:\Users\User\AppData\Local\JetBrains\IdeaIC2021.2/tmp --add-opens=java.base/java.util=ALL-UNNAMED --add-opens=java.base/java.lang=ALL-UNNAMED -Xmx512m -Dfile.encoding=Cp1251 -Djava.io.tmpdir=C:\Users\User\AppData\Local\Temp\ -Duser.country=RU -Duser.language=ru -Duser.variant -ea worker.org.gradle.process.internal.worker.GradleWorkerMain 'Gradle Test Executor 21'

Host: Intel(R) Core(TM) i3-10110U CPU @ 2.10GHz, 4 cores, 7G,  Windows 10 , 64 bit Build 19041 (10.0.19041.3393)
Time: Sun Oct  1 22:16:19 2023 Беларусь (зима) elapsed time: 2.296446 seconds (0d 0h 0m 2s)

---------------  T H R E A D  ---------------

Current thread (0x000002bf2460b800):  JavaThread "C2 CompilerThread1" daemon [_thread_in_native, id=3420, stack(0x000000fbf1200000,0x000000fbf1300000)]


Current CompileTask:
C2:   2296 2890 %     4       sun.security.util.AbstractAlgorithmConstraints::checkAlgorithm @ 31 (140 bytes)

Stack: [0x000000fbf1200000,0x000000fbf1300000]
Native frames: (J=compiled Java code, j=interpreted, Vv=VM code, C=native code)
V  [jvm.dll+0x617d9a]
V  [jvm.dll+0x74eeef]
V  [jvm.dll+0x750599]
V  [jvm.dll+0x750c23]
V  [jvm.dll+0x2438d8]
V  [jvm.dll+0xba6dc]
V  [jvm.dll+0xbac9c]
V  [jvm.dll+0x3469b7]
V  [jvm.dll+0x3147a3]
V  [jvm.dll+0x313aea]
V  [jvm.dll+0x1fd105]
V  [jvm.dll+0x1fc2ed]
V  [jvm.dll+0x17f18c]
V  [jvm.dll+0x20b87c]
V  [jvm.dll+0x20997b]
V  [jvm.dll+0x716359]
V  [jvm.dll+0x70f064]
V  [jvm.dll+0x616f66]
C  [ucrtbase.dll+0x21bb2]
C  [KERNEL32.DLL+0x17344]
C  [ntdll.dll+0x526b1]


---------------  P R O C E S S  ---------------

Threads class SMR info:
_java_thread_list=0x000002bf26efd040, length=17, elements={
0x000002bf08468000, 0x000002bf230f6000, 0x000002bf230fe800, 0x000002bf23111800,
0x000002bf23113000, 0x000002bf23114800, 0x000002bf2311a000, 0x000002bf2311e800,
0x000002bf23144000, 0x000002bf23bfd000, 0x000002bf241a7000, 0x000002bf23c41800,
0x000002bf242a2000, 0x000002bf2460b800, 0x000002bf2594f000, 0x000002bf2594e800,
0x000002bf25950000
}

Java Threads: ( => current thread )
  0x000002bf08468000 JavaThread "main" [_thread_blocked, id=4128, stack(0x000000fbefa00000,0x000000fbefb00000)]
  0x000002bf230f6000 JavaThread "Reference Handler" daemon [_thread_blocked, id=2976, stack(0x000000fbf0100000,0x000000fbf0200000)]
  0x000002bf230fe800 JavaThread "Finalizer" daemon [_thread_blocked, id=8512, stack(0x000000fbf0200000,0x000000fbf0300000)]
  0x000002bf23111800 JavaThread "Signal Dispatcher" daemon [_thread_blocked, id=6948, stack(0x000000fbf0300000,0x000000fbf0400000)]
  0x000002bf23113000 JavaThread "Attach Listener" daemon [_thread_blocked, id=9660, stack(0x000000fbf0400000,0x000000fbf0500000)]
  0x000002bf23114800 JavaThread "Service Thread" daemon [_thread_blocked, id=10480, stack(0x000000fbf0500000,0x000000fbf0600000)]
  0x000002bf2311a000 JavaThread "C2 CompilerThread0" daemon [_thread_in_native, id=10844, stack(0x000000fbf0600000,0x000000fbf0700000)]
  0x000002bf2311e800 JavaThread "C1 CompilerThread0" daemon [_thread_in_native, id=10932, stack(0x000000fbf0700000,0x000000fbf0800000)]
  0x000002bf23144000 JavaThread "Sweeper thread" daemon [_thread_blocked, id=520, stack(0x000000fbf0800000,0x000000fbf0900000)]
  0x000002bf23bfd000 JavaThread "Common-Cleaner" daemon [_thread_blocked, id=11444, stack(0x000000fbf0900000,0x000000fbf0a00000)]
  0x000002bf241a7000 JavaThread "Test worker" [_thread_in_Java, id=11328, stack(0x000000fbf0d00000,0x000000fbf0e00000)]
  0x000002bf23c41800 JavaThread "/127.0.0.1:61662 to /127.0.0.1:61661 workers Thread 2" [_thread_blocked, id=1352, stack(0x000000fbf0b00000,0x000000fbf0c00000)]
  0x000002bf242a2000 JavaThread "/127.0.0.1:61662 to /127.0.0.1:61661 workers Thread 3" [_thread_in_native, id=6072, stack(0x000000fbf0e00000,0x000000fbf0f00000)]
=>0x000002bf2460b800 JavaThread "C2 CompilerThread1" daemon [_thread_in_native, id=3420, stack(0x000000fbf1200000,0x000000fbf1300000)]
  0x000002bf2594f000 JavaThread "ForkJoinPool.commonPool-worker-3" daemon [_thread_blocked, id=4280, stack(0x000000fbf1300000,0x000000fbf1400000)]
  0x000002bf2594e800 JavaThread "ForkJoinPool.commonPool-worker-5" daemon [_thread_blocked, id=7952, stack(0x000000fbf1400000,0x000000fbf1500000)]
  0x000002bf25950000 JavaThread "ForkJoinPool.commonPool-worker-7" daemon [_thread_blocked, id=4072, stack(0x000000fbf1500000,0x000000fbf1600000)]

Other Threads:
  0x000002bf230d0800 VMThread "VM Thread" [stack: 0x000000fbf0000000,0x000000fbf0100000] [id=4712]
  0x000002bf23c17800 WatcherThread [stack: 0x000000fbf0a00000,0x000000fbf0b00000] [id=1552]
  0x000002bf0847b800 GCTaskThread "GC Thread#0" [stack: 0x000000fbefb00000,0x000000fbefc00000] [id=11824]
  0x000002bf2429d000 GCTaskThread "GC Thread#1" [stack: 0x000000fbf0f00000,0x000000fbf1000000] [id=1844]
  0x000002bf242e2800 GCTaskThread "GC Thread#2" [stack: 0x000000fbf1000000,0x000000fbf1100000] [id=8020]
  0x000002bf242e3000 GCTaskThread "GC Thread#3" [stack: 0x000000fbf1100000,0x000000fbf1200000] [id=1260]
  0x000002bf0848c800 ConcurrentGCThread "G1 Main Marker" [stack: 0x000000fbefc00000,0x000000fbefd00000] [id=3980]
  0x000002bf0848e800 ConcurrentGCThread "G1 Conc#0" [stack: 0x000000fbefd00000,0x000000fbefe00000] [id=2828]
  0x000002bf08514800 ConcurrentGCThread "G1 Refine#0" [stack: 0x000000fbefe00000,0x000000fbeff00000] [id=10152]
  0x000002bf2695c000 ConcurrentGCThread "G1 Refine#1" [stack: 0x000000fbf1600000,0x000000fbf1700000] [id=2868]
  0x000002bf08515800 ConcurrentGCThread "G1 Young RemSet Sampling" [stack: 0x000000fbeff00000,0x000000fbf0000000] [id=6592]

Threads with active compile tasks:
C2 CompilerThread0   2317 3005       4       sun.security.util.DerInputStream::getLength (243 bytes)
C1 CompilerThread0   2317 3003       3       java.io.ByteArrayInputStream::<init> (37 bytes)
C2 CompilerThread1   2317 2890 %     4       sun.security.util.AbstractAlgorithmConstraints::checkAlgorithm @ 31 (140 bytes)

VM state:not at safepoint (normal execution)

VM Mutex/Monitor currently owned by a thread: None

Heap address: 0x00000000e0000000, size: 512 MB, Compressed Oops mode: 32-bit
Narrow klass base: 0x0000000000000000, Narrow klass shift: 3
Compressed class space size: 1073741824 Address: 0x0000000100000000

Heap:
 garbage-first heap   total 129024K, used 30534K [0x00000000e0000000, 0x0000000100000000)
  region size 1024K, 18 young (18432K), 3 survivors (3072K)
 Metaspace       used 28221K, capacity 29553K, committed 29948K, reserved 1075200K
  class space    used 3174K, capacity 3696K, committed 3836K, reserved 1048576K
Heap Regions: E=young(eden), S=young(survivor), O=old, HS=humongous(starts), HC=humongous(continues), CS=collection set, F=free, A=archive, TAMS=top-at-mark-start (previous, next)
|   0|0x00000000e0000000, 0x00000000e0100000, 0x00000000e0100000|100%| O|  |TAMS 0x00000000e0100000, 0x00000000e0000000| Untracked 
|   1|0x00000000e0100000, 0x00000000e0200000, 0x00000000e0200000|100%| O|  |TAMS 0x00000000e0200000, 0x00000000e0100000| Untracked 
|   2|0x00000000e0200000, 0x00000000e0300000, 0x00000000e0300000|100%| O|  |TAMS 0x00000000e0300000, 0x00000000e0200000| Untracked 
|   3|0x00000000e0300000, 0x00000000e0400000, 0x00000000e0400000|100%| O|  |TAMS 0x00000000e0400000, 0x00000000e0300000| Untracked 
|   4|0x00000000e0400000, 0x00000000e0500000, 0x00000000e0500000|100%| O|  |TAMS 0x00000000e0452a00, 0x00000000e0400000| Untracked 
|   5|0x00000000e0500000, 0x00000000e0600000, 0x00000000e0600000|100%| O|  |TAMS 0x00000000e0500000, 0x00000000e0500000| Untracked 
|   6|0x00000000e0600000, 0x00000000e0700000, 0x00000000e0700000|100%| O|  |TAMS 0x00000000e0600000, 0x00000000e0600000| Untracked 
|   7|0x00000000e0700000, 0x00000000e0800000, 0x00000000e0800000|100%| O|  |TAMS 0x00000000e0700000, 0x00000000e0700000| Untracked 
|   8|0x00000000e0800000, 0x00000000e0900000, 0x00000000e0900000|100%| O|  |TAMS 0x00000000e0800000, 0x00000000e0800000| Untracked 
|   9|0x00000000e0900000, 0x00000000e0a00000, 0x00000000e0a00000|100%| O|  |TAMS 0x00000000e0900000, 0x00000000e0900000| Untracked 
|  10|0x00000000e0a00000, 0x00000000e0b00000, 0x00000000e0b00000|100%| O|  |TAMS 0x00000000e0a00000, 0x00000000e0a00000| Untracked 
|  11|0x00000000e0b00000, 0x00000000e0c00000, 0x00000000e0c00000|100%| O|  |TAMS 0x00000000e0b00000, 0x00000000e0b00000| Untracked 
|  12|0x00000000e0c00000, 0x00000000e0d00000, 0x00000000e0d00000|100%| O|  |TAMS 0x00000000e0c00000, 0x00000000e0c00000| Untracked 
|  13|0x00000000e0d00000, 0x00000000e0d49c00, 0x00000000e0e00000| 28%| O|  |TAMS 0x00000000e0d00000, 0x00000000e0d00000| Untracked 
|  14|0x00000000e0e00000, 0x00000000e0e00000, 0x00000000e0f00000|  0%| F|  |TAMS 0x00000000e0e00000, 0x00000000e0e00000| Untracked 
|  15|0x00000000e0f00000, 0x00000000e0f00000, 0x00000000e1000000|  0%| F|  |TAMS 0x00000000e0f00000, 0x00000000e0f00000| Untracked 
|  16|0x00000000e1000000, 0x00000000e1000000, 0x00000000e1100000|  0%| F|  |TAMS 0x00000000e1000000, 0x00000000e1000000| Untracked 
|  17|0x00000000e1100000, 0x00000000e1100000, 0x00000000e1200000|  0%| F|  |TAMS 0x00000000e1100000, 0x00000000e1100000| Untracked 
|  18|0x00000000e1200000, 0x00000000e1200000, 0x00000000e1300000|  0%| F|  |TAMS 0x00000000e1200000, 0x00000000e1200000| Untracked 
|  19|0x00000000e1300000, 0x00000000e1300000, 0x00000000e1400000|  0%| F|  |TAMS 0x00000000e1300000, 0x00000000e1300000| Untracked 
|  20|0x00000000e1400000, 0x00000000e1400000, 0x00000000e1500000|  0%| F|  |TAMS 0x00000000e1400000, 0x00000000e1400000| Untracked 
|  21|0x00000000e1500000, 0x00000000e1500000, 0x00000000e1600000|  0%| F|  |TAMS 0x00000000e1500000, 0x00000000e1500000| Untracked 
|  22|0x00000000e1600000, 0x00000000e1600000, 0x00000000e1700000|  0%| F|  |TAMS 0x00000000e1600000, 0x00000000e1600000| Untracked 
|  23|0x00000000e1700000, 0x00000000e1700000, 0x00000000e1800000|  0%| F|  |TAMS 0x00000000e1700000, 0x00000000e1700000| Untracked 
|  24|0x00000000e1800000, 0x00000000e1800000, 0x00000000e1900000|  0%| F|  |TAMS 0x00000000e1800000, 0x00000000e1800000| Untracked 
|  25|0x00000000e1900000, 0x00000000e1900000, 0x00000000e1a00000|  0%| F|  |TAMS 0x00000000e1900000, 0x00000000e1900000| Untracked 
|  26|0x00000000e1a00000, 0x00000000e1a00000, 0x00000000e1b00000|  0%| F|  |TAMS 0x00000000e1a00000, 0x00000000e1a00000| Untracked 
|  27|0x00000000e1b00000, 0x00000000e1b00000, 0x00000000e1c00000|  0%| F|  |TAMS 0x00000000e1b00000, 0x00000000e1b00000| Untracked 
|  28|0x00000000e1c00000, 0x00000000e1c00000, 0x00000000e1d00000|  0%| F|  |TAMS 0x00000000e1c00000, 0x00000000e1c00000| Untracked 
|  29|0x00000000e1d00000, 0x00000000e1d00000, 0x00000000e1e00000|  0%| F|  |TAMS 0x00000000e1d00000, 0x00000000e1d00000| Untracked 
|  30|0x00000000e1e00000, 0x00000000e1e00000, 0x00000000e1f00000|  0%| F|  |TAMS 0x00000000e1e00000, 0x00000000e1e00000| Untracked 
|  31|0x00000000e1f00000, 0x00000000e1f00000, 0x00000000e2000000|  0%| F|  |TAMS 0x00000000e1f00000, 0x00000000e1f00000| Untracked 
|  32|0x00000000e2000000, 0x00000000e2000000, 0x00000000e2100000|  0%| F|  |TAMS 0x00000000e2000000, 0x00000000e2000000| Untracked 
|  33|0x00000000e2100000, 0x00000000e2100000, 0x00000000e2200000|  0%| F|  |TAMS 0x00000000e2100000, 0x00000000e2100000| Untracked 
|  34|0x00000000e2200000, 0x00000000e2200000, 0x00000000e2300000|  0%| F|  |TAMS 0x00000000e2200000, 0x00000000e2200000| Untracked 
|  35|0x00000000e2300000, 0x00000000e2300000, 0x00000000e2400000|  0%| F|  |TAMS 0x00000000e2300000, 0x00000000e2300000| Untracked 
|  36|0x00000000e2400000, 0x00000000e2400000, 0x00000000e2500000|  0%| F|  |TAMS 0x00000000e2400000, 0x00000000e2400000| Untracked 
|  37|0x00000000e2500000, 0x00000000e2500000, 0x00000000e2600000|  0%| F|  |TAMS 0x00000000e2500000, 0x00000000e2500000| Untracked 
|  38|0x00000000e2600000, 0x00000000e2600000, 0x00000000e2700000|  0%| F|  |TAMS 0x00000000e2600000, 0x00000000e2600000| Untracked 
|  39|0x00000000e2700000, 0x00000000e2700000, 0x00000000e2800000|  0%| F|  |TAMS 0x00000000e2700000, 0x00000000e2700000| Untracked 
|  40|0x00000000e2800000, 0x00000000e2800000, 0x00000000e2900000|  0%| F|  |TAMS 0x00000000e2800000, 0x00000000e2800000| Untracked 
|  41|0x00000000e2900000, 0x00000000e2900000, 0x00000000e2a00000|  0%| F|  |TAMS 0x00000000e2900000, 0x00000000e2900000| Untracked 
|  42|0x00000000e2a00000, 0x00000000e2a00000, 0x00000000e2b00000|  0%| F|  |TAMS 0x00000000e2a00000, 0x00000000e2a00000| Untracked 
|  43|0x00000000e2b00000, 0x00000000e2b00000, 0x00000000e2c00000|  0%| F|  |TAMS 0x00000000e2b00000, 0x00000000e2b00000| Untracked 
|  44|0x00000000e2c00000, 0x00000000e2c00000, 0x00000000e2d00000|  0%| F|  |TAMS 0x00000000e2c00000, 0x00000000e2c00000| Untracked 
|  45|0x00000000e2d00000, 0x00000000e2d00000, 0x00000000e2e00000|  0%| F|  |TAMS 0x00000000e2d00000, 0x00000000e2d00000| Untracked 
|  46|0x00000000e2e00000, 0x00000000e2e00000, 0x00000000e2f00000|  0%| F|  |TAMS 0x00000000e2e00000, 0x00000000e2e00000| Untracked 
|  47|0x00000000e2f00000, 0x00000000e2f00000, 0x00000000e3000000|  0%| F|  |TAMS 0x00000000e2f00000, 0x00000000e2f00000| Untracked 
|  48|0x00000000e3000000, 0x00000000e3000000, 0x00000000e3100000|  0%| F|  |TAMS 0x00000000e3000000, 0x00000000e3000000| Untracked 
|  49|0x00000000e3100000, 0x00000000e3100000, 0x00000000e3200000|  0%| F|  |TAMS 0x00000000e3100000, 0x00000000e3100000| Untracked 
|  50|0x00000000e3200000, 0x00000000e3200000, 0x00000000e3300000|  0%| F|  |TAMS 0x00000000e3200000, 0x00000000e3200000| Untracked 
|  51|0x00000000e3300000, 0x00000000e3300000, 0x00000000e3400000|  0%| F|  |TAMS 0x00000000e3300000, 0x00000000e3300000| Untracked 
|  52|0x00000000e3400000, 0x00000000e3400000, 0x00000000e3500000|  0%| F|  |TAMS 0x00000000e3400000, 0x00000000e3400000| Untracked 
|  53|0x00000000e3500000, 0x00000000e3500000, 0x00000000e3600000|  0%| F|  |TAMS 0x00000000e3500000, 0x00000000e3500000| Untracked 
|  54|0x00000000e3600000, 0x00000000e3600000, 0x00000000e3700000|  0%| F|  |TAMS 0x00000000e3600000, 0x00000000e3600000| Untracked 
|  55|0x00000000e3700000, 0x00000000e3700000, 0x00000000e3800000|  0%| F|  |TAMS 0x00000000e3700000, 0x00000000e3700000| Untracked 
|  56|0x00000000e3800000, 0x00000000e3800000, 0x00000000e3900000|  0%| F|  |TAMS 0x00000000e3800000, 0x00000000e3800000| Untracked 
|  57|0x00000000e3900000, 0x00000000e3900000, 0x00000000e3a00000|  0%| F|  |TAMS 0x00000000e3900000, 0x00000000e3900000| Untracked 
|  58|0x00000000e3a00000, 0x00000000e3a00000, 0x00000000e3b00000|  0%| F|  |TAMS 0x00000000e3a00000, 0x00000000e3a00000| Untracked 
|  59|0x00000000e3b00000, 0x00000000e3b00000, 0x00000000e3c00000|  0%| F|  |TAMS 0x00000000e3b00000, 0x00000000e3b00000| Untracked 
|  60|0x00000000e3c00000, 0x00000000e3c00000, 0x00000000e3d00000|  0%| F|  |TAMS 0x00000000e3c00000, 0x00000000e3c00000| Untracked 
|  61|0x00000000e3d00000, 0x00000000e3d00000, 0x00000000e3e00000|  0%| F|  |TAMS 0x00000000e3d00000, 0x00000000e3d00000| Untracked 
|  62|0x00000000e3e00000, 0x00000000e3e00000, 0x00000000e3f00000|  0%| F|  |TAMS 0x00000000e3e00000, 0x00000000e3e00000| Untracked 
|  63|0x00000000e3f00000, 0x00000000e3f00000, 0x00000000e4000000|  0%| F|  |TAMS 0x00000000e3f00000, 0x00000000e3f00000| Untracked 
|  64|0x00000000e4000000, 0x00000000e4000000, 0x00000000e4100000|  0%| F|  |TAMS 0x00000000e4000000, 0x00000000e4000000| Untracked 
|  65|0x00000000e4100000, 0x00000000e4100000, 0x00000000e4200000|  0%| F|  |TAMS 0x00000000e4100000, 0x00000000e4100000| Untracked 
|  66|0x00000000e4200000, 0x00000000e4200000, 0x00000000e4300000|  0%| F|  |TAMS 0x00000000e4200000, 0x00000000e4200000| Untracked 
|  67|0x00000000e4300000, 0x00000000e4300000, 0x00000000e4400000|  0%| F|  |TAMS 0x00000000e4300000, 0x00000000e4300000| Untracked 
|  68|0x00000000e4400000, 0x00000000e4400000, 0x00000000e4500000|  0%| F|  |TAMS 0x00000000e4400000, 0x00000000e4400000| Untracked 
|  69|0x00000000e4500000, 0x00000000e4500000, 0x00000000e4600000|  0%| F|  |TAMS 0x00000000e4500000, 0x00000000e4500000| Untracked 
|  70|0x00000000e4600000, 0x00000000e4600000, 0x00000000e4700000|  0%| F|  |TAMS 0x00000000e4600000, 0x00000000e4600000| Untracked 
|  71|0x00000000e4700000, 0x00000000e4700000, 0x00000000e4800000|  0%| F|  |TAMS 0x00000000e4700000, 0x00000000e4700000| Untracked 
|  72|0x00000000e4800000, 0x00000000e4800000, 0x00000000e4900000|  0%| F|  |TAMS 0x00000000e4800000, 0x00000000e4800000| Untracked 
|  73|0x00000000e4900000, 0x00000000e4900000, 0x00000000e4a00000|  0%| F|  |TAMS 0x00000000e4900000, 0x00000000e4900000| Untracked 
|  74|0x00000000e4a00000, 0x00000000e4a00000, 0x00000000e4b00000|  0%| F|  |TAMS 0x00000000e4a00000, 0x00000000e4a00000| Untracked 
|  75|0x00000000e4b00000, 0x00000000e4b00000, 0x00000000e4c00000|  0%| F|  |TAMS 0x00000000e4b00000, 0x00000000e4b00000| Untracked 
|  76|0x00000000e4c00000, 0x00000000e4c00000, 0x00000000e4d00000|  0%| F|  |TAMS 0x00000000e4c00000, 0x00000000e4c00000| Untracked 
|  77|0x00000000e4d00000, 0x00000000e4d00000, 0x00000000e4e00000|  0%| F|  |TAMS 0x00000000e4d00000, 0x00000000e4d00000| Untracked 
|  78|0x00000000e4e00000, 0x00000000e4e00000, 0x00000000e4f00000|  0%| F|  |TAMS 0x00000000e4e00000, 0x00000000e4e00000| Untracked 
|  79|0x00000000e4f00000, 0x00000000e4f00000, 0x00000000e5000000|  0%| F|  |TAMS 0x00000000e4f00000, 0x00000000e4f00000| Untracked 
|  80|0x00000000e5000000, 0x00000000e5000000, 0x00000000e5100000|  0%| F|  |TAMS 0x00000000e5000000, 0x00000000e5000000| Untracked 
|  81|0x00000000e5100000, 0x00000000e5100000, 0x00000000e5200000|  0%| F|  |TAMS 0x00000000e5100000, 0x00000000e5100000| Untracked 
|  82|0x00000000e5200000, 0x00000000e5200000, 0x00000000e5300000|  0%| F|  |TAMS 0x00000000e5200000, 0x00000000e5200000| Untracked 
|  83|0x00000000e5300000, 0x00000000e5300000, 0x00000000e5400000|  0%| F|  |TAMS 0x00000000e5300000, 0x00000000e5300000| Untracked 
|  84|0x00000000e5400000, 0x00000000e5400000, 0x00000000e5500000|  0%| F|  |TAMS 0x00000000e5400000, 0x00000000e5400000| Untracked 
|  85|0x00000000e5500000, 0x00000000e5500000, 0x00000000e5600000|  0%| F|  |TAMS 0x00000000e5500000, 0x00000000e5500000| Untracked 
|  86|0x00000000e5600000, 0x00000000e5600000, 0x00000000e5700000|  0%| F|  |TAMS 0x00000000e5600000, 0x00000000e5600000| Untracked 
|  87|0x00000000e5700000, 0x00000000e5700000, 0x00000000e5800000|  0%| F|  |TAMS 0x00000000e5700000, 0x00000000e5700000| Untracked 
|  88|0x00000000e5800000, 0x00000000e5800000, 0x00000000e5900000|  0%| F|  |TAMS 0x00000000e5800000, 0x00000000e5800000| Untracked 
|  89|0x00000000e5900000, 0x00000000e5900000, 0x00000000e5a00000|  0%| F|  |TAMS 0x00000000e5900000, 0x00000000e5900000| Untracked 
|  90|0x00000000e5a00000, 0x00000000e5a00000, 0x00000000e5b00000|  0%| F|  |TAMS 0x00000000e5a00000, 0x00000000e5a00000| Untracked 
|  91|0x00000000e5b00000, 0x00000000e5b00000, 0x00000000e5c00000|  0%| F|  |TAMS 0x00000000e5b00000, 0x00000000e5b00000| Untracked 
|  92|0x00000000e5c00000, 0x00000000e5c00000, 0x00000000e5d00000|  0%| F|  |TAMS 0x00000000e5c00000, 0x00000000e5c00000| Untracked 
|  93|0x00000000e5d00000, 0x00000000e5d00000, 0x00000000e5e00000|  0%| F|  |TAMS 0x00000000e5d00000, 0x00000000e5d00000| Untracked 
|  94|0x00000000e5e00000, 0x00000000e5e00000, 0x00000000e5f00000|  0%| F|  |TAMS 0x00000000e5e00000, 0x00000000e5e00000| Untracked 
|  95|0x00000000e5f00000, 0x00000000e5f00000, 0x00000000e6000000|  0%| F|  |TAMS 0x00000000e5f00000, 0x00000000e5f00000| Untracked 
|  96|0x00000000e6000000, 0x00000000e6000000, 0x00000000e6100000|  0%| F|  |TAMS 0x00000000e6000000, 0x00000000e6000000| Untracked 
|  97|0x00000000e6100000, 0x00000000e6100000, 0x00000000e6200000|  0%| F|  |TAMS 0x00000000e6100000, 0x00000000e6100000| Untracked 
|  98|0x00000000e6200000, 0x00000000e6200000, 0x00000000e6300000|  0%| F|  |TAMS 0x00000000e6200000, 0x00000000e6200000| Untracked 
|  99|0x00000000e6300000, 0x00000000e6300000, 0x00000000e6400000|  0%| F|  |TAMS 0x00000000e6300000, 0x00000000e6300000| Untracked 
| 100|0x00000000e6400000, 0x00000000e6400000, 0x00000000e6500000|  0%| F|  |TAMS 0x00000000e6400000, 0x00000000e6400000| Untracked 
| 101|0x00000000e6500000, 0x00000000e6500000, 0x00000000e6600000|  0%| F|  |TAMS 0x00000000e6500000, 0x00000000e6500000| Untracked 
| 102|0x00000000e6600000, 0x00000000e6687c30, 0x00000000e6700000| 53%| S|CS|TAMS 0x00000000e6600000, 0x00000000e6600000| Complete 
| 103|0x00000000e6700000, 0x00000000e6800000, 0x00000000e6800000|100%| S|CS|TAMS 0x00000000e6700000, 0x00000000e6700000| Complete 
| 104|0x00000000e6800000, 0x00000000e6900000, 0x00000000e6900000|100%| S|CS|TAMS 0x00000000e6800000, 0x00000000e6800000| Complete 
| 105|0x00000000e6900000, 0x00000000e6900000, 0x00000000e6a00000|  0%| F|  |TAMS 0x00000000e6900000, 0x00000000e6900000| Untracked 
| 106|0x00000000e6a00000, 0x00000000e6a00000, 0x00000000e6b00000|  0%| F|  |TAMS 0x00000000e6a00000, 0x00000000e6a00000| Untracked 
| 107|0x00000000e6b00000, 0x00000000e6b00000, 0x00000000e6c00000|  0%| F|  |TAMS 0x00000000e6b00000, 0x00000000e6b00000| Untracked 
| 108|0x00000000e6c00000, 0x00000000e6c00000, 0x00000000e6d00000|  0%| F|  |TAMS 0x00000000e6c00000, 0x00000000e6c00000| Untracked 
| 109|0x00000000e6d00000, 0x00000000e6d00000, 0x00000000e6e00000|  0%| F|  |TAMS 0x00000000e6d00000, 0x00000000e6d00000| Untracked 
| 110|0x00000000e6e00000, 0x00000000e6e00000, 0x00000000e6f00000|  0%| F|  |TAMS 0x00000000e6e00000, 0x00000000e6e00000| Untracked 
| 111|0x00000000e6f00000, 0x00000000e6f804a0, 0x00000000e7000000| 50%| E|  |TAMS 0x00000000e6f00000, 0x00000000e6f00000| Complete 
| 112|0x00000000e7000000, 0x00000000e7100000, 0x00000000e7100000|100%| E|CS|TAMS 0x00000000e7000000, 0x00000000e7000000| Complete 
| 113|0x00000000e7100000, 0x00000000e7200000, 0x00000000e7200000|100%| E|CS|TAMS 0x00000000e7100000, 0x00000000e7100000| Complete 
| 114|0x00000000e7200000, 0x00000000e7300000, 0x00000000e7300000|100%| E|CS|TAMS 0x00000000e7200000, 0x00000000e7200000| Complete 
| 115|0x00000000e7300000, 0x00000000e7400000, 0x00000000e7400000|100%| E|CS|TAMS 0x00000000e7300000, 0x00000000e7300000| Complete 
| 116|0x00000000e7400000, 0x00000000e7500000, 0x00000000e7500000|100%| E|CS|TAMS 0x00000000e7400000, 0x00000000e7400000| Complete 
| 117|0x00000000e7500000, 0x00000000e7600000, 0x00000000e7600000|100%| E|CS|TAMS 0x00000000e7500000, 0x00000000e7500000| Complete 
| 118|0x00000000e7600000, 0x00000000e7700000, 0x00000000e7700000|100%| E|CS|TAMS 0x00000000e7600000, 0x00000000e7600000| Complete 
| 119|0x00000000e7700000, 0x00000000e7800000, 0x00000000e7800000|100%| E|CS|TAMS 0x00000000e7700000, 0x00000000e7700000| Complete 
| 120|0x00000000e7800000, 0x00000000e7900000, 0x00000000e7900000|100%| E|CS|TAMS 0x00000000e7800000, 0x00000000e7800000| Complete 
| 121|0x00000000e7900000, 0x00000000e7a00000, 0x00000000e7a00000|100%| E|CS|TAMS 0x00000000e7900000, 0x00000000e7900000| Complete 
| 122|0x00000000e7a00000, 0x00000000e7b00000, 0x00000000e7b00000|100%| E|CS|TAMS 0x00000000e7a00000, 0x00000000e7a00000| Complete 
| 123|0x00000000e7b00000, 0x00000000e7c00000, 0x00000000e7c00000|100%| E|CS|TAMS 0x00000000e7b00000, 0x00000000e7b00000| Complete 
| 124|0x00000000e7c00000, 0x00000000e7d00000, 0x00000000e7d00000|100%| E|CS|TAMS 0x00000000e7c00000, 0x00000000e7c00000| Complete 
| 125|0x00000000e7d00000, 0x00000000e7e00000, 0x00000000e7e00000|100%| E|CS|TAMS 0x00000000e7d00000, 0x00000000e7d00000| Complete 

Card table byte_map: [0x000002bf1f920000,0x000002bf1fa20000] _byte_map_base: 0x000002bf1f220000

Marking Bits (Prev, Next): (CMBitMap*) 0x000002bf08489770, (CMBitMap*) 0x000002bf08489738
 Prev Bits: [0x000002bf20320000, 0x000002bf20b20000)
 Next Bits: [0x000002bf1fb20000, 0x000002bf20320000)

Polling page: 0x000002bf063b0000

Metaspace:

Usage:
  Non-class:     25.25 MB capacity,    24.47 MB ( 97%) used,   694.64 KB (  3%) free+waste,   102.06 KB ( <1%) overhead. 
      Class:      3.61 MB capacity,     3.10 MB ( 86%) used,   469.08 KB ( 13%) free+waste,    52.06 KB (  1%) overhead. 
       Both:     28.86 MB capacity,    27.57 MB ( 96%) used,     1.14 MB (  4%) free+waste,   154.13 KB ( <1%) overhead. 

Virtual space:
  Non-class space:       26.00 MB reserved,      25.50 MB ( 98%) committed 
      Class space:        1.00 GB reserved,       3.75 MB ( <1%) committed 
             Both:        1.03 GB reserved,      29.25 MB (  3%) committed 

Chunk freelists:
   Non-Class:  7.75 KB
       Class:  2.00 KB
        Both:  9.75 KB

CodeHeap 'non-profiled nmethods': size=120064Kb used=1132Kb max_used=1132Kb free=118931Kb
 bounds [0x000002bf183e0000, 0x000002bf18650000, 0x000002bf1f920000]
CodeHeap 'profiled nmethods': size=120000Kb used=6374Kb max_used=6374Kb free=113625Kb
 bounds [0x000002bf10eb0000, 0x000002bf114f0000, 0x000002bf183e0000]
CodeHeap 'non-nmethods': size=5696Kb used=2183Kb max_used=2219Kb free=3512Kb
 bounds [0x000002bf10920000, 0x000002bf10b90000, 0x000002bf10eb0000]
 total_blobs=3738 nmethods=3002 adapters=647
 compilation: enabled
              stopped_count=0, restarted_count=0
 full_count=0

Compilation events (10 events):
Event: 2.292 Thread 0x000002bf2311e800 nmethod 2927 0x000002bf114b4c10 code [0x000002bf114b4f80, 0x000002bf114b6bc8]
Event: 2.292 Thread 0x000002bf2311e800 2924       3       java.io.ByteArrayInputStream::<init> (26 bytes)
Event: 2.292 Thread 0x000002bf2311e800 nmethod 2924 0x000002bf114b7510 code [0x000002bf114b76c0, 0x000002bf114b78f8]
Event: 2.292 Thread 0x000002bf2311e800 2923       3       java.io.InputStream::read (9 bytes)
Event: 2.292 Thread 0x000002bf2311e800 nmethod 2923 0x000002bf114b7a10 code [0x000002bf114b7bc0, 0x000002bf114b7d88]
Event: 2.292 Thread 0x000002bf2311e800 2926       3       sun.security.util.DerInputStream::getDerValue (12 bytes)
Event: 2.293 Thread 0x000002bf2311e800 nmethod 2926 0x000002bf114b7e90 code [0x000002bf114b8040, 0x000002bf114b81e8]
Event: 2.293 Thread 0x000002bf2311e800 2922  s    1       java.util.Vector::size (5 bytes)
Event: 2.293 Thread 0x000002bf2311e800 nmethod 2922 0x000002bf184f5e90 code [0x000002bf184f6020, 0x000002bf184f6238]
Event: 2.293 Thread 0x000002bf2311e800 2929       3       sun.security.util.DerValue::<init> (250 bytes)

GC Heap History (10 events):
Event: 0.624 GC heap before
{Heap before GC invocations=0 (full 0):
 garbage-first heap   total 129024K, used 14336K [0x00000000e0000000, 0x0000000100000000)
  region size 1024K, 14 young (14336K), 0 survivors (0K)
 Metaspace       used 12408K, capacity 12675K, committed 12800K, reserved 1060864K
  class space    used 1309K, capacity 1412K, committed 1536K, reserved 1048576K
}
Event: 0.627 GC heap after
{Heap after GC invocations=1 (full 0):
 garbage-first heap   total 129024K, used 4432K [0x00000000e0000000, 0x0000000100000000)
  region size 1024K, 2 young (2048K), 2 survivors (2048K)
 Metaspace       used 12408K, capacity 12675K, committed 12800K, reserved 1060864K
  class space    used 1309K, capacity 1412K, committed 1536K, reserved 1048576K
}
Event: 0.856 GC heap before
{Heap before GC invocations=1 (full 0):
 garbage-first heap   total 129024K, used 14672K [0x00000000e0000000, 0x0000000100000000)
  region size 1024K, 12 young (12288K), 2 survivors (2048K)
 Metaspace       used 15279K, capacity 15871K, committed 16000K, reserved 1062912K
  class space    used 1687K, capacity 1894K, committed 1920K, reserved 1048576K
}
Event: 0.861 GC heap after
{Heap after GC invocations=2 (full 0):
 garbage-first heap   total 129024K, used 5298K [0x00000000e0000000, 0x0000000100000000)
  region size 1024K, 1 young (1024K), 1 survivors (1024K)
 Metaspace       used 15279K, capacity 15871K, committed 16000K, reserved 1062912K
  class space    used 1687K, capacity 1894K, committed 1920K, reserved 1048576K
}
Event: 1.262 GC heap before
{Heap before GC invocations=2 (full 0):
 garbage-first heap   total 129024K, used 25778K [0x00000000e0000000, 0x0000000100000000)
  region size 1024K, 23 young (23552K), 1 survivors (1024K)
 Metaspace       used 20463K, capacity 21200K, committed 21248K, reserved 1069056K
  class space    used 2263K, capacity 2543K, committed 2560K, reserved 1048576K
}
Event: 1.267 GC heap after
{Heap after GC invocations=3 (full 0):
 garbage-first heap   total 129024K, used 7717K [0x00000000e0000000, 0x0000000100000000)
  region size 1024K, 4 young (4096K), 4 survivors (4096K)
 Metaspace       used 20463K, capacity 21200K, committed 21248K, reserved 1069056K
  class space    used 2263K, capacity 2543K, committed 2560K, reserved 1048576K
}
Event: 1.860 GC heap before
{Heap before GC invocations=4 (full 0):
 garbage-first heap   total 129024K, used 44581K [0x00000000e0000000, 0x0000000100000000)
  region size 1024K, 38 young (38912K), 4 survivors (4096K)
 Metaspace       used 25170K, capacity 26302K, committed 26364K, reserved 1073152K
  class space    used 2795K, capacity 3297K, committed 3324K, reserved 1048576K
}
Event: 1.871 GC heap after
{Heap after GC invocations=5 (full 0):
 garbage-first heap   total 129024K, used 13471K [0x00000000e0000000, 0x0000000100000000)
  region size 1024K, 5 young (5120K), 5 survivors (5120K)
 Metaspace       used 25170K, capacity 26302K, committed 26364K, reserved 1073152K
  class space    used 2795K, capacity 3297K, committed 3324K, reserved 1048576K
}
Event: 2.091 GC heap before
{Heap before GC invocations=5 (full 0):
 garbage-first heap   total 129024K, used 34975K [0x00000000e0000000, 0x0000000100000000)
  region size 1024K, 26 young (26624K), 5 survivors (5120K)
 Metaspace       used 25806K, capacity 27099K, committed 27260K, reserved 1073152K
  class space    used 2876K, capacity 3415K, committed 3452K, reserved 1048576K
}
Event: 2.102 GC heap after
{Heap after GC invocations=6 (full 0):
 garbage-first heap   total 129024K, used 16198K [0x00000000e0000000, 0x0000000100000000)
  region size 1024K, 3 young (3072K), 3 survivors (3072K)
 Metaspace       used 25806K, capacity 27099K, committed 27260K, reserved 1073152K
  class space    used 2876K, capacity 3415K, committed 3452K, reserved 1048576K
}

Deoptimization events (10 events):
Event: 2.165 Thread 0x000002bf241a7000 Uncommon trap: reason=unstable_if action=reinterpret pc=0x000002bf184da520 method=java.util.regex.Pattern.compile()V @ 269 c2
Event: 2.194 Thread 0x000002bf241a7000 Uncommon trap: reason=class_check action=maybe_recompile pc=0x000002bf184ad804 method=java.util.LinkedHashMap.afterNodeInsertion(Z)V @ 15 c2
Event: 2.203 Thread 0x000002bf241a7000 Uncommon trap: reason=bimorphic_or_optimized_type_check action=maybe_recompile pc=0x000002bf18416e88 method=java.util.HashMap.getNode(ILjava/lang/Object;)Ljava/util/HashMap$Node; @ 126 c2
Event: 2.203 Thread 0x000002bf241a7000 Uncommon trap: reason=bimorphic_or_optimized_type_check action=maybe_recompile pc=0x000002bf18416e88 method=java.util.HashMap.getNode(ILjava/lang/Object;)Ljava/util/HashMap$Node; @ 126 c2
Event: 2.203 Thread 0x000002bf241a7000 Uncommon trap: reason=bimorphic_or_optimized_type_check action=maybe_recompile pc=0x000002bf18416e88 method=java.util.HashMap.getNode(ILjava/lang/Object;)Ljava/util/HashMap$Node; @ 126 c2
Event: 2.205 Thread 0x000002bf241a7000 Uncommon trap: reason=class_check action=maybe_recompile pc=0x000002bf184ad804 method=java.util.LinkedHashMap.afterNodeInsertion(Z)V @ 15 c2
Event: 2.209 Thread 0x000002bf241a7000 Uncommon trap: reason=bimorphic_or_optimized_type_check action=maybe_recompile pc=0x000002bf184dcf24 method=java.util.regex.Pattern$Start.match(Ljava/util/regex/Matcher;ILjava/lang/CharSequence;)Z @ 44 c2
Event: 2.213 Thread 0x000002bf241a7000 Uncommon trap: reason=bimorphic_or_optimized_type_check action=maybe_recompile pc=0x000002bf184dcf24 method=java.util.regex.Pattern$Start.match(Ljava/util/regex/Matcher;ILjava/lang/CharSequence;)Z @ 44 c2
Event: 2.215 Thread 0x000002bf241a7000 Uncommon trap: reason=bimorphic_or_optimized_type_check action=maybe_recompile pc=0x000002bf184dcf24 method=java.util.regex.Pattern$Start.match(Ljava/util/regex/Matcher;ILjava/lang/CharSequence;)Z @ 44 c2
Event: 2.221 Thread 0x000002bf241a7000 Uncommon trap: reason=bimorphic_or_optimized_type_check action=maybe_recompile pc=0x000002bf184dcf24 method=java.util.regex.Pattern$Start.match(Ljava/util/regex/Matcher;ILjava/lang/CharSequence;)Z @ 44 c2

Classes redefined (0 events):
No events

Internal exceptions (10 events):
Event: 2.162 Thread 0x000002bf241a7000 Exception <a 'java/lang/ClassNotFoundException'{0x00000000e7a6d170}: io/restassured/internal/ResponseParserRegistrarCustomizer> (0x00000000e7a6d170) thrown at [./open/src/hotspot/share/classfile/systemDictionary.cpp, line 228]
Event: 2.164 Thread 0x000002bf241a7000 Exception <a 'java/lang/ClassNotFoundException'{0x00000000e7a894c0}: io/restassured/internal/RestAssuredHttpBuilderBeanInfo> (0x00000000e7a894c0) thrown at [./open/src/hotspot/share/classfile/systemDictionary.cpp, line 228]
Event: 2.164 Thread 0x000002bf241a7000 Exception <a 'java/lang/ClassNotFoundException'{0x00000000e7a90b98}: io/restassured/internal/http/HTTPBuilderBeanInfo> (0x00000000e7a90b98) thrown at [./open/src/hotspot/share/classfile/systemDictionary.cpp, line 228]
Event: 2.164 Thread 0x000002bf241a7000 Exception <a 'java/lang/ClassNotFoundException'{0x00000000e7a98408}: io/restassured/internal/http/HTTPBuilderCustomizer> (0x00000000e7a98408) thrown at [./open/src/hotspot/share/classfile/systemDictionary.cpp, line 228]
Event: 2.165 Thread 0x000002bf241a7000 Exception <a 'java/lang/ClassNotFoundException'{0x00000000e7ab7af0}: io/restassured/internal/RestAssuredHttpBuilderCustomizer> (0x00000000e7ab7af0) thrown at [./open/src/hotspot/share/classfile/systemDictionary.cpp, line 228]
Event: 2.174 Thread 0x000002bf241a7000 Exception <a 'java/lang/ClassNotFoundException'{0x00000000e78504b0}: org/codehaus/groovy/runtime/MethodClosureBeanInfo> (0x00000000e78504b0) thrown at [./open/src/hotspot/share/classfile/systemDictionary.cpp, line 228]
Event: 2.177 Thread 0x000002bf241a7000 Exception <a 'java/lang/ClassNotFoundException'{0x00000000e77b3ad8}: org/codehaus/groovy/runtime/MethodClosureCustomizer> (0x00000000e77b3ad8) thrown at [./open/src/hotspot/share/classfile/systemDictionary.cpp, line 228]
Event: 2.189 Thread 0x000002bf241a7000 Exception <a 'java/lang/ClassNotFoundException'{0x00000000e763c170}: io/restassured/internal/http/EncoderRegistryBeanInfo> (0x00000000e763c170) thrown at [./open/src/hotspot/share/classfile/systemDictionary.cpp, line 228]
Event: 2.189 Thread 0x000002bf241a7000 Exception <a 'java/lang/ClassNotFoundException'{0x00000000e7643c10}: io/restassured/internal/http/EncoderRegistryCustomizer> (0x00000000e7643c10) thrown at [./open/src/hotspot/share/classfile/systemDictionary.cpp, line 228]
Event: 2.227 Thread 0x000002bf241a7000 Exception <a 'sun/nio/fs/WindowsException'{0x00000000e756dd90}> (0x00000000e756dd90) thrown at [./open/src/hotspot/share/prims/jni.cpp, line 611]

Events (10 events):
Event: 2.292 loading class sun/security/x509/NetscapeCertTypeExtension
Event: 2.293 loading class sun/security/x509/NetscapeCertTypeExtension done
Event: 2.293 loading class sun/security/x509/NetscapeCertTypeExtension$MapEntry
Event: 2.293 loading class sun/security/x509/NetscapeCertTypeExtension$MapEntry done
Event: 2.293 loading class sun/security/x509/SubjectAlternativeNameExtension
Event: 2.293 loading class sun/security/x509/SubjectAlternativeNameExtension done
Event: 2.293 loading class sun/security/x509/RFC822Name
Event: 2.293 loading class sun/security/x509/RFC822Name done
Event: 2.293 loading class sun/security/x509/IssuerAlternativeNameExtension
Event: 2.293 loading class sun/security/x509/IssuerAlternativeNameExtension done


Dynamic libraries:
0x00007ff730290000 - 0x00007ff73029f000 	C:\Program Files\Java\jdk-11.0.12\bin\java.exe
0x00007ffdd64d0000 - 0x00007ffdd66c8000 	C:\Windows\SYSTEM32\ntdll.dll
0x00007ffdd5630000 - 0x00007ffdd56ed000 	C:\Windows\System32\KERNEL32.DLL
0x00007ffdd3e00000 - 0x00007ffdd40f6000 	C:\Windows\System32\KERNELBASE.dll
0x00007ffdd3cd0000 - 0x00007ffdd3dd0000 	C:\Windows\System32\ucrtbase.dll
0x00007ffda6160000 - 0x00007ffda6178000 	C:\Program Files\Java\jdk-11.0.12\bin\jli.dll
0x00007ffda6140000 - 0x00007ffda6155000 	C:\Program Files\Java\jdk-11.0.12\bin\VCRUNTIME140.dll
0x00007ffdd63e0000 - 0x00007ffdd648e000 	C:\Windows\System32\ADVAPI32.dll
0x00007ffdd5580000 - 0x00007ffdd561e000 	C:\Windows\System32\msvcrt.dll
0x00007ffdd4fa0000 - 0x00007ffdd503c000 	C:\Windows\System32\sechost.dll
0x00007ffdd5160000 - 0x00007ffdd5286000 	C:\Windows\System32\RPCRT4.dll
0x00007ffdd46a0000 - 0x00007ffdd483e000 	C:\Windows\System32\USER32.dll
0x00007ffdd3dd0000 - 0x00007ffdd3df2000 	C:\Windows\System32\win32u.dll
0x00007ffdb7f50000 - 0x00007ffdb81ea000 	C:\Windows\WinSxS\amd64_microsoft.windows.common-controls_6595b64144ccf1df_6.0.19041.1110_none_60b5254171f9507e\COMCTL32.dll
0x00007ffdd4840000 - 0x00007ffdd486c000 	C:\Windows\System32\GDI32.dll
0x00007ffdd4230000 - 0x00007ffdd434a000 	C:\Windows\System32\gdi32full.dll
0x00007ffdd4190000 - 0x00007ffdd422d000 	C:\Windows\System32\msvcp_win.dll
0x00007ffdcbf90000 - 0x00007ffdcbf9a000 	C:\Windows\SYSTEM32\VERSION.dll
0x00007ffdd5550000 - 0x00007ffdd5580000 	C:\Windows\System32\IMM32.DLL
0x00007ffda60a0000 - 0x00007ffda613b000 	C:\Program Files\Java\jdk-11.0.12\bin\msvcp140.dll
0x00007ffda2c60000 - 0x00007ffda375f000 	C:\Program Files\Java\jdk-11.0.12\bin\server\jvm.dll
0x00007ffdd5370000 - 0x00007ffdd5378000 	C:\Windows\System32\PSAPI.DLL
0x00007ffdae2f0000 - 0x00007ffdae2f9000 	C:\Windows\SYSTEM32\WSOCK32.dll
0x00007ffdd52a0000 - 0x00007ffdd530b000 	C:\Windows\System32\WS2_32.dll
0x00007ffdaf010000 - 0x00007ffdaf037000 	C:\Windows\SYSTEM32\WINMM.dll
0x00007ffdd2390000 - 0x00007ffdd23a2000 	C:\Windows\SYSTEM32\kernel.appcore.dll
0x00007ffda5b40000 - 0x00007ffda5b50000 	C:\Program Files\Java\jdk-11.0.12\bin\verify.dll
0x00007ffdbe2f0000 - 0x00007ffdbe4d4000 	C:\Windows\SYSTEM32\DBGHELP.DLL
0x00007ffdb4280000 - 0x00007ffdb42b4000 	C:\Windows\SYSTEM32\dbgcore.DLL
0x00007ffdd4100000 - 0x00007ffdd4182000 	C:\Windows\System32\bcryptPrimitives.dll
0x00007ffda5b10000 - 0x00007ffda5b38000 	C:\Program Files\Java\jdk-11.0.12\bin\java.dll
0x00007ffda5b00000 - 0x00007ffda5b0a000 	C:\Program Files\Java\jdk-11.0.12\bin\jimage.dll
0x00007ffda59e0000 - 0x00007ffda59f6000 	C:\Program Files\Java\jdk-11.0.12\bin\zip.dll
0x00007ffdd5780000 - 0x00007ffdd5ec5000 	C:\Windows\System32\SHELL32.dll
0x00007ffdd1be0000 - 0x00007ffdd237b000 	C:\Windows\SYSTEM32\windows.storage.dll
0x00007ffdd5fa0000 - 0x00007ffdd62f4000 	C:\Windows\System32\combase.dll
0x00007ffdd3440000 - 0x00007ffdd346e000 	C:\Windows\SYSTEM32\Wldp.dll
0x00007ffdd4ce0000 - 0x00007ffdd4d8d000 	C:\Windows\System32\SHCORE.dll
0x00007ffdd4640000 - 0x00007ffdd4695000 	C:\Windows\System32\shlwapi.dll
0x00007ffdd3ae0000 - 0x00007ffdd3b05000 	C:\Windows\SYSTEM32\profapi.dll
0x00007ffdaeb20000 - 0x00007ffdaeb39000 	C:\Program Files\Java\jdk-11.0.12\bin\net.dll
0x00007ffdc1700000 - 0x00007ffdc180a000 	C:\Windows\SYSTEM32\WINHTTP.dll
0x00007ffdd3220000 - 0x00007ffdd328a000 	C:\Windows\system32\mswsock.dll
0x00007ffdae160000 - 0x00007ffdae172000 	C:\Program Files\Java\jdk-11.0.12\bin\nio.dll
0x00007ffdd3480000 - 0x00007ffdd3498000 	C:\Windows\SYSTEM32\CRYPTSP.dll
0x00007ffdd2b50000 - 0x00007ffdd2b84000 	C:\Windows\system32\rsaenh.dll
0x00007ffdd4500000 - 0x00007ffdd4527000 	C:\Windows\System32\bcrypt.dll
0x00007ffdd3aa0000 - 0x00007ffdd3ace000 	C:\Windows\SYSTEM32\USERENV.dll
0x00007ffdd33b0000 - 0x00007ffdd33bc000 	C:\Windows\SYSTEM32\CRYPTBASE.dll
0x00007ffdd2f30000 - 0x00007ffdd2f6b000 	C:\Windows\SYSTEM32\IPHLPAPI.DLL
0x00007ffdd5290000 - 0x00007ffdd5298000 	C:\Windows\System32\NSI.dll
0x00007ffdc51c0000 - 0x00007ffdc51d7000 	C:\Windows\SYSTEM32\dhcpcsvc6.DLL
0x00007ffdc51a0000 - 0x00007ffdc51bd000 	C:\Windows\SYSTEM32\dhcpcsvc.DLL
0x00007ffdd2f70000 - 0x00007ffdd303a000 	C:\Windows\SYSTEM32\DNSAPI.dll
0x00007ffd9b260000 - 0x00007ffd9b26d000 	C:\Program Files\Java\jdk-11.0.12\bin\sunmscapi.dll
0x00007ffdd43a0000 - 0x00007ffdd44fe000 	C:\Windows\System32\CRYPT32.dll
0x00007ffdd3590000 - 0x00007ffdd35b8000 	C:\Windows\SYSTEM32\ncrypt.dll
0x00007ffdd3550000 - 0x00007ffdd358b000 	C:\Windows\SYSTEM32\NTASN1.dll
0x00007ffd9b200000 - 0x00007ffd9b225000 	C:\Program Files\Java\jdk-11.0.12\bin\sunec.dll

dbghelp: loaded successfully - version: 4.0.5 - missing functions: none
symbol engine: initialized successfully - sym options: 0x614 - pdb path: .;C:\Program Files\Java\jdk-11.0.12\bin;C:\Windows\SYSTEM32;C:\Windows\WinSxS\amd64_microsoft.windows.common-controls_6595b64144ccf1df_6.0.19041.1110_none_60b5254171f9507e;C:\Program Files\Java\jdk-11.0.12\bin\server

VM Arguments:
jvm_args: -Daction.aware.typeAhead=false -Dawt.toolkit=sun.awt.windows.WToolkit -Dcom.jetbrains.suppressWindowRaise=false -Dfile.separator=\ -Dide.native.launcher=true -Didea.active=true -Didea.cycle.buffer.size=1024 -Didea.dynamic.classpath=false -Didea.fatal.error.notification=disabled -Didea.jre.check=true -Didea.max.content.load.filesize=20000 -Didea.max.intellisense.filesize=2500 -Didea.no.launcher=false -Didea.paths.selector=IdeaIC2021.2 -Didea.platform.prefix=Idea -Didea.popup.weight=heavy -Didea.vendor.name=JetBrains -Didea.version=2021.2.2 -Didea.xdebug.key=-Xdebug -Dio.netty.allocator.cacheTrimIntervalMillis=600000 -Dio.netty.allocator.numDirectArenas=1 -Dio.netty.allocator.numHeapArenas=1 -Dio.netty.allocator.useCacheForAllThreads=false -Dio.netty.machineId=28:f0:76:ff:fe:16:65:0e -Dio.netty.processId=36609 -Dio.netty.serviceThreadPrefix=Netty  -Djava.awt.graphicsenv=sun.awt.Win32GraphicsEnvironment -Djava.awt.printerjob=sun.awt.windows.WPrinterJob -Djava.class.version=55.0 -Djava.home=C:\Program Files\Java\jdk-11.0.12 -Djava.library.path=C:\Program Files\Java\jdk-11.0.12\bin;C:\Windows\Sun\Java\bin;C:\Windows\system32;C:\Windows;C:\Program Files\Common Files\Oracle\Java\javapath;C:\Windows\system32;C:\Windows;C:\Windows\System32\Wbem;C:\Windows\System32\WindowsPowerShell\v1.0\;C:\Windows\System32\OpenSSH\;C:\Program Files\7-Zip;C:\Program Files\Git\cmd;C:\Users\User\apache-maven-3.8.6\bin;C:\Gradle\bin;;C:\Program Files\Docker\Docker\resources\bin;C:\Users\User\AppData\Local\Microsoft\WindowsApps;;C:\Program Files\JetBrains\IntelliJ IDEA Community Edition 2021.2.2\bin;;. -Djava.rmi.server.disableHttp=true -Djava.rmi.server.hostname=127.0.0.1 -Djava.runtime.name=OpenJDK Runtime Environment -Djava.runtime.version=11.0.12+8-LTS-237 -Djava.specification.name=Java Platform API Specification -Djava.specification.vendor=Oracle Corporation -Djava.specification.version=11 -Djava.util.concurrent.ForkJoinPool.common.threadFactory=com.intellij.concurrency.IdeaForkJoinWorkerThreadFactory -Djava.vendor=Oracle Corporation -Djava.vendor.url=https://openjdk.java.net/ -Djava.vendor.url.bug=https://bugreport.java.com/bugreport/ -Djava.vendor.version=JBR-11.0.12.7-1504.28-jcef -Djava.version=11.0.12 -Djava.version.date=2021-07-20 -Djava.vm.compressedOopsMode=32-bit -Djava.vm.info=mixed mode -Djava.vm.name=Java HotSpot(TM) 64-Bit Server VM -Djava.vm.specification.name=Java Virtual Machine Specification -Djava.vm.specification.vendor=Oracle Corporation -Djava.vm.specification.version=11 -Djava.vm.vendor=Oracle Corporation -Djava.vm.version=11.0.12+8-LTS-237 -Djavax.swing.rebaseCssSizeMap=true -Djb.vmOptionsFile=C:\Users\User\AppData\Roaming\JetBrains\IdeaIC2021.2\idea64.exe.vmoptions -Djdk.attach.allowAttachSelf=true -Djdk.debug=release -Djdk.http.auth.tunneling.disabledSchemes= -Djdk.module.illegalAccess.silent=true -Djna.loaded=true -Djna.nosys=true -Djna.tmpdir=C:\Users\User\AppData\Local\JetBrains\IdeaIC2021.2/tmp -Djnidispatch.path=C:\Users\User\AppData\Local\JetBrains\IdeaIC2021.2\tmp\jna5378855145106923908.dll -Dkotlin.daemon.jvm.options=--illegal-access=permit -Dkotlinx.coroutines.debug=off -Dlibrary.jansi.path=C:\Users\User\.gradle\native\jansi\1.18\windows64 -Dline.separator=
 -Dlog4j.defaultInitOverride=true -Dorg.gradle.internal.worker.tmpdir=C:\Users\User\rest-api-practice\build\tmp\test\work -Dorg.gradle.native=false -Dos.arch=amd64 -Dos.name=Windows 10 -Dos.version=10.0 -Dpath.separator=; -Dpty4j.preferred.native.folder=C:\Program Files\JetBrains\IntelliJ IDEA Community Edition 2021.2.2\lib\pty4j-native -Dpty4j.tmpdir=C:\Users\User\AppData\Local\JetBrains\IdeaIC2021.2/tmp -Dsplash=true -Dsun.arch.data.model=64 -Dsun.boot.library.path=C:\Program Files\Java\jdk-11.0.12\bin -Dsun.cpu.endian=little -Dsun.cpu.isalist=amd64 -Dsun.desktop=windows -Dsun.io.unicode.encoding=UnicodeLittle -Dsun.jnu.encoding=Cp1251 -Dsun.management.compiler=HotSpot 64-Bit Tiered Compilers -Dsun.os.patch.level -Dswing.bufferPerWindow=false -Duser.dir=C:\Users\User\rest-api-practice -Duser.home=C:\Users\User -Duser.name=User -Duser.script -Duser.timezone=GMT+03:00 -Dwinp.folder.preferred=C:\Users\User\AppData\Local\JetBrains\IdeaIC2021.2/tmp --add-opens=java.base/java.util=ALL-UNNAMED --add-opens=java.base/java.lang=ALL-UNNAMED -Xmx512m -Dfile.encoding=Cp1251 -Djava.io.tmpdir=C:\Users\User\AppData\Local\Temp\ -Duser.country=RU -Duser.language=ru -Duser.variant -ea 
java_command: worker.org.gradle.process.internal.worker.GradleWorkerMain 'Gradle Test Executor 21'
java_class_path (initial): C:\\Users\\User\\.gradle\\caches\\7.1\\workerMain\\gradle-worker.jar;C:\\Users\\User\\rest-api-practice\\build\\classes\\java\\test;C:\\Users\\User\\rest-api-practice\\build\\resources\\test;C:\\Users\\User\\rest-api-practice\\build\\classes\\java\\main;C:\\Users\\User\\rest-api-practice\\build\\resources\\main;C:\\Users\\User\\.gradle\\caches\\modules-2\\files-2.1\\org.junit.platform\\junit-platform-engine\\1.7.0\\eadb73c5074a4ac71061defd00fc176152a4d12c\\junit-platform-engine-1.7.0.jar;C:\\Users\\User\\.gradle\\caches\\modules-2\\files-2.1\\org.junit.platform\\junit-platform-commons\\1.7.0\\84e309fbf21d857aac079a3c1fffd84284e1114d\\junit-platform-commons-1.7.0.jar;C:\\Users\\User\\.gradle\\caches\\modules-2\\files-2.1\\org.junit.jupiter\\junit-jupiter-engine\\5.7.0\\d9044d6b45e2232ddd53fa56c15333e43d1749fd\\junit-jupiter-engine-5.7.0.jar;C:\\Users\\User\\.gradle\\caches\\modules-2\\files-2.1\\org.junit.jupiter\\junit-jupiter-api\\5.7.0\\b25f3815c4c1860a73041e733a14a0379d00c4d5\\junit-jupiter-api-5.7.0.jar;C:\\Users\\User\\.gradle\\caches\\modules-2\\files-2.1\\io.rest-assured\\rest-assured\\5.3.1\\af94179b7dc7d7d1cdfec3854afacccb818d260\\rest-assured-5.3.1.jar;C:\\Users\\User\\.gradle\\caches\\modules-2\\files-2.1\\org.apiguardian\\apiguardian-api\\1.1.0\\fc9dff4bb36d627bdc553de77e1f17efd790876c\\apiguardian-api-1.1.0.jar;C:\\Users\\User\\.gradle\\caches\\modules-2\\files-2.1\\org.opentest4j\\opentest4j\\1.2.0\\28c11eb91f9b6d8e200631d46e20a7f407f2a046\\opentest4j-1.2.0.jar;C:\\Users\\User\\.gradle\\caches\\modules-2\\files-2.1\\io.rest-assured\\xml-path\\5.3.1\\244e4b5d2cc70eda7c7c4c5654fb097dc8024f57\\xml-path-5.3.1.jar;C:\\Users\\User\\.gradle\\caches\\modules-2\\files-2.1\\io.rest-assured\\json-path\\5.3.1\\224411e4bd0a268101d8569777786c921ca7c859\\json-path-5.3.1.jar;C:\\Users\\User\\.gradle\\caches\\modules-2\\files-2.1\\org.apache.groovy\\groovy-json\\4.0.11\\3a934f8572a2ff61b1116a537cbcfc9dc0700ee5\\groovy-json-4.0.11.jar;C:\\Us
Launcher Type: SUN_STANDARD

[Global flags]
     intx CICompilerCount                          = 3                                         {product} {ergonomic}
     uint ConcGCThreads                            = 1                                         {product} {ergonomic}
     uint G1ConcRefinementThreads                  = 4                                         {product} {ergonomic}
   size_t G1HeapRegionSize                         = 1048576                                   {product} {ergonomic}
    uintx GCDrainStackTargetSize                   = 64                                        {product} {ergonomic}
   size_t InitialHeapSize                          = 132120576                                 {product} {ergonomic}
   size_t MarkStackSize                            = 4194304                                   {product} {ergonomic}
   size_t MaxHeapSize                              = 536870912                                 {product} {command line}
   size_t MaxNewSize                               = 321912832                                 {product} {ergonomic}
   size_t MinHeapDeltaBytes                        = 1048576                                   {product} {ergonomic}
    uintx NonNMethodCodeHeapSize                   = 5830732                                {pd product} {ergonomic}
    uintx NonProfiledCodeHeapSize                  = 122913754                              {pd product} {ergonomic}
    uintx ProfiledCodeHeapSize                     = 122913754                              {pd product} {ergonomic}
    uintx ReservedCodeCacheSize                    = 251658240                              {pd product} {ergonomic}
     bool SegmentedCodeCache                       = true                                      {product} {ergonomic}
     bool UseCompressedClassPointers               = true                                 {lp64_product} {ergonomic}
     bool UseCompressedOops                        = true                                 {lp64_product} {ergonomic}
     bool UseG1GC                                  = true                                      {product} {ergonomic}
     bool UseLargePagesIndividualAllocation        = false                                  {pd product} {ergonomic}

Logging:
Log output configuration:
 #0: stdout all=warning uptime,level,tags
 #1: stderr all=off uptime,level,tags

Environment Variables:
JAVA_HOME=C:\Program Files\Java\jdk-11.0.12
PATH=C:\Program Files\Common Files\Oracle\Java\javapath;C:\Windows\system32;C:\Windows;C:\Windows\System32\Wbem;C:\Windows\System32\WindowsPowerShell\v1.0\;C:\Windows\System32\OpenSSH\;C:\Program Files\7-Zip;C:\Program Files\Git\cmd;C:\Users\User\apache-maven-3.8.6\bin;C:\Gradle\bin;;C:\Program Files\Docker\Docker\resources\bin;C:\Users\User\AppData\Local\Microsoft\WindowsApps;;C:\Program Files\JetBrains\IntelliJ IDEA Community Edition 2021.2.2\bin;
USERNAME=User
OS=Windows_NT
PROCESSOR_IDENTIFIER=Intel64 Family 6 Model 142 Stepping 12, GenuineIntel



---------------  S Y S T E M  ---------------

OS: Windows 10 , 64 bit Build 19041 (10.0.19041.3393)
Hyper-V role detected

CPU:total 4 (initial active 4) (2 cores per cpu, 2 threads per core) family 6 model 142 stepping 12 microcode 0xd6, cmov, cx8, fxsr, mmx, sse, sse2, sse3, ssse3, sse4.1, sse4.2, popcnt, avx, avx2, aes, clmul, erms, 3dnowpref, lzcnt, ht, tsc, tscinvbit, bmi1, bmi2, adx, fma

Memory: 4k page, system-wide physical 7996M (438M free)
TotalPageFile size 7996M (AvailPageFile size 5M)
current process WorkingSet (physical memory assigned to process): 153M, peak: 153M
current process commit charge ("private bytes"): 255M, peak: 256M

vm_info: Java HotSpot(TM) 64-Bit Server VM (11.0.12+8-LTS-237) for windows-amd64 JRE (11.0.12+8-LTS-237), built on Jun  8 2021 11:25:59 by "mach5one" with MS VC++ 15.9 (VS2017)

END.
